# JRE version: OpenJDK Runtime Environment AdoptOpenJDK (11.0.10+9) (build 11.0.10+9)
# Java VM: OpenJDK 64-Bit Server VM AdoptOpenJDK (11.0.10+9, mixed mode, tiered, compressed oops, g1 gc, windows-amd64)
Heap:
 garbage-first heap   total 262144K, used 145634K [0x0000000701a00000, 0x0000000800000000)
  region size 1024K, 72 young (73728K), 9 survivors (9216K)
 Metaspace       used 58584K, capacity 62126K, committed 62292K, reserved 1103872K
  class space    used 6712K, capacity 8317K, committed 8320K, reserved 1048576K
GC Heap History (14 events):
Event: 1.028 GC heap before
{Heap before GC invocations=0 (full 0):
 garbage-first heap   total 262144K, used 27648K [0x0000000701a00000, 0x0000000800000000)
  region size 1024K, 24 young (24576K), 0 survivors (0K)
 Metaspace       used 20665K, capacity 21230K, committed 21296K, reserved 1069056K
  class space    used 2144K, capacity 2414K, committed 2432K, reserved 1048576K
}
Event: 1.036 GC heap after
{Heap after GC invocations=1 (full 0):
 garbage-first heap   total 262144K, used 8627K [0x0000000701a00000, 0x0000000800000000)
  region size 1024K, 3 young (3072K), 3 survivors (3072K)
 Metaspace       used 20665K, capacity 21230K, committed 21296K, reserved 1069056K
  class space    used 2144K, capacity 2414K, committed 2432K, reserved 1048576K
}
Event: 1.288 GC heap before
{Heap before GC invocations=2 (full 0):
 garbage-first heap   total 262144K, used 18867K [0x0000000701a00000, 0x0000000800000000)
  region size 1024K, 13 young (13312K), 3 survivors (3072K)
 Metaspace       used 25533K, capacity 26253K, committed 26416K, reserved 1073152K
  class space    used 2872K, capacity 3156K, committed 3200K, reserved 1048576K
}
Event: 1.291 GC heap after
{Heap after GC invocations=3 (full 0):
 garbage-first heap   total 262144K, used 10908K [0x0000000701a00000, 0x0000000800000000)
  region size 1024K, 2 young (2048K), 2 survivors (2048K)
 Metaspace       used 25533K, capacity 26253K, committed 26416K, reserved 1073152K
  class space    used 2872K, capacity 3156K, committed 3200K, reserved 1048576K
}
Event: 1.742 GC heap before
{Heap before GC invocations=3 (full 0):
 garbage-first heap   total 262144K, used 45724K [0x0000000701a00000, 0x0000000800000000)
  region size 1024K, 38 young (38912K), 2 survivors (2048K)
 Metaspace       used 34469K, capacity 35782K, committed 35920K, reserved 1081344K
  class space    used 3713K, capacity 4273K, committed 4352K, reserved 1048576K
}
Event: 1.747 GC heap after
{Heap after GC invocations=4 (full 0):
 garbage-first heap   total 262144K, used 15492K [0x0000000701a00000, 0x0000000800000000)
  region size 1024K, 6 young (6144K), 6 survivors (6144K)
 Metaspace       used 34469K, capacity 35782K, committed 35920K, reserved 1081344K
  class space    used 3713K, capacity 4273K, committed 4352K, reserved 1048576K
}
Event: 2.509 GC heap before
{Heap before GC invocations=5 (full 0):
 garbage-first heap   total 262144K, used 72836K [0x0000000701a00000, 0x0000000800000000)
  region size 1024K, 58 young (59392K), 6 survivors (6144K)
 Metaspace       used 46122K, capacity 49255K, committed 49616K, reserved 1091584K
  class space    used 5222K, capacity 6670K, committed 6784K, reserved 1048576K
}
Event: 2.514 GC heap after
{Heap after GC invocations=6 (full 0):
 garbage-first heap   total 262144K, used 21393K [0x0000000701a00000, 0x0000000800000000)
  region size 1024K, 8 young (8192K), 8 survivors (8192K)
 Metaspace       used 46122K, capacity 49255K, committed 49616K, reserved 1091584K
  class space    used 5222K, capacity 6670K, committed 6784K, reserved 1048576K
}
Event: 5.013 GC heap before
{Heap before GC invocations=6 (full 0):
 garbage-first heap   total 262144K, used 151441K [0x0000000701a00000, 0x0000000800000000)
  region size 1024K, 87 young (89088K), 8 survivors (8192K)
 Metaspace       used 54970K, capacity 58457K, committed 58704K, reserved 1099776K
  class space    used 6324K, capacity 7886K, committed 7936K, reserved 1048576K
}
Event: 5.019 GC heap after
{Heap after GC invocations=7 (full 0):
 garbage-first heap   total 262144K, used 71052K [0x0000000701a00000, 0x0000000800000000)
  region size 1024K, 11 young (11264K), 11 survivors (11264K)
 Metaspace       used 54970K, capacity 58457K, committed 58704K, reserved 1099776K
  class space    used 6324K, capacity 7886K, committed 7936K, reserved 1048576K
}
Event: 5.238 GC heap before
{Heap before GC invocations=7 (full 0):
 garbage-first heap   total 262144K, used 165260K [0x0000000701a00000, 0x0000000800000000)
  region size 1024K, 103 young (105472K), 11 survivors (11264K)
 Metaspace       used 55268K, capacity 58768K, committed 58960K, reserved 1099776K
  class space    used 6338K, capacity 7919K, committed 7936K, reserved 1048576K
}
Event: 5.242 GC heap after
{Heap after GC invocations=8 (full 0):
 garbage-first heap   total 262144K, used 72768K [0x0000000701a00000, 0x0000000800000000)
  region size 1024K, 8 young (8192K), 8 survivors (8192K)
 Metaspace       used 55268K, capacity 58768K, committed 58960K, reserved 1099776K
  class space    used 6338K, capacity 7919K, committed 7936K, reserved 1048576K
}
Event: 5.464 GC heap before
{Heap before GC invocations=8 (full 0):
 garbage-first heap   total 262144K, used 163904K [0x0000000701a00000, 0x0000000800000000)
  region size 1024K, 90 young (92160K), 8 survivors (8192K)
 Metaspace       used 56572K, capacity 60167K, committed 60496K, reserved 1101824K
  class space    used 6504K, capacity 8092K, committed 8192K, reserved 1048576K
}
Event: 5.470 GC heap after
{Heap after GC invocations=9 (full 0):
 garbage-first heap   total 262144K, used 82146K [0x0000000701a00000, 0x0000000800000000)
  region size 1024K, 9 young (9216K), 9 survivors (9216K)
 Metaspace       used 56572K, capacity 60167K, committed 60496K, reserved 1101824K
  class space    used 6504K, capacity 8092K, committed 8192K, reserved 1048576K
}

